0:100  0:100  MemLog inited, TSC freq: 2712392720
0:100  0:000  CPU was calibrated with RTC
0:100  0:000  
0:100  0:000  Now is 15.1.2020,  9:59:48 (GMT)
0:100  0:000  Starting Clover revision: 4596 on American Megatrends EFI
0:100  0:000  Build with: [Args: -mc --no-usb -D NO_GRUB_DRIVERS_EMBEDDED -t XCODE8 | -D DISABLE_USB_SUPPORT -D NO_GRUB_DRIVERS_EMBEDDED --conf=/Users/sky/src/edk2/Conf -D USE_BIOS_BLOCKIO -D USE_LOW_EBDA -a X64 -b RELEASE -t XCODE8 -n 5 | OS: 10.14 | XCODE: 9.4.1]
0:100  0:000  SelfDevicePath=PciRoot(0x0)\Pci(0x17,0x0)\Sata(0x0,0xFFFF,0x0)\HD(1,GPT,86E93B8A-0D30-4C3C-BC81-98A0484954BF,0x800,0x96000) @881C4358
0:100  0:000  SelfDirPath = \EFI\CLOVER
0:102  0:001  === [ Get Smbios ] ========================================
0:109  0:007  Type 16 Index = 0
0:109  0:000  Total Memory Slots Count = 4
0:109  0:000  Type 17 Index = 0
0:109  0:000  SmbiosTable.Type17->Speed = 2133MHz
0:109  0:000  SmbiosTable.Type17->Size = 8192MB
0:109  0:000  SmbiosTable.Type17->Bank/Device = BANK 0 ChannelA-DIMM0
0:109  0:000  SmbiosTable.Type17->Vendor = Samsung
0:109  0:000  SmbiosTable.Type17->SerialNumber = 00000000
0:109  0:000  SmbiosTable.Type17->PartNumber = M471A1K43BB0-CPB    
0:109  0:000  Type 17 Index = 1
0:109  0:000  Ignoring insane frequency value 0MHz
0:109  0:000  SmbiosTable.Type17->Speed = 0MHz
0:109  0:000  SmbiosTable.Type17->Size = 0MB
0:109  0:000  SmbiosTable.Type17->Bank/Device = BANK 1 ChannelA-DIMM1
0:109  0:000  SmbiosTable.Type17->Vendor = <null string>
0:109  0:000  SmbiosTable.Type17->SerialNumber = <null string>
0:109  0:000  SmbiosTable.Type17->PartNumber = <null string>
0:109  0:000  Type 17 Index = 2
0:109  0:000  Ignoring insane frequency value 0MHz
0:109  0:000  SmbiosTable.Type17->Speed = 0MHz
0:109  0:000  SmbiosTable.Type17->Size = 0MB
0:109  0:000  SmbiosTable.Type17->Bank/Device = BANK 2 ChannelB-DIMM0
0:109  0:000  SmbiosTable.Type17->Vendor = <null string>
0:109  0:000  SmbiosTable.Type17->SerialNumber = <null string>
0:109  0:000  SmbiosTable.Type17->PartNumber = <null string>
0:109  0:000  Type 17 Index = 3
0:109  0:000  Ignoring insane frequency value 0MHz
0:109  0:000  SmbiosTable.Type17->Speed = 0MHz
0:109  0:000  SmbiosTable.Type17->Size = 0MB
0:109  0:000  SmbiosTable.Type17->Bank/Device = BANK 3 ChannelB-DIMM1
0:109  0:000  SmbiosTable.Type17->Vendor = <null string>
0:109  0:000  SmbiosTable.Type17->SerialNumber = <null string>
0:109  0:000  SmbiosTable.Type17->PartNumber = <null string>
0:109  0:000  Boot status=0
0:109  0:000  Running on: 'X441UVK' with board 'X441UVK'
0:109  0:000  === [ GetCPUProperties ] ==================================
0:109  0:000  CPU Vendor = 756E6547 Model=806E9
0:109  0:000   The CPU supported SSE4.1
0:109  0:000  BrandString = Intel(R) Core(TM) i5-7200U CPU @ 2.50GHz
0:109  0:000   The CPU supported turbo
0:109  0:000  MSR 0x35               20004
0:109  0:000   TSC/CCC Information Leaf:
0:109  0:000    numerator     : 226
0:109  0:000    denominator   : 2
0:109  0:000   Calibrated ARTFrequency: 24003475
0:109  0:000  MSR 0xE2 before patch 1E008008
0:109  0:000  MSR 0xE2 is locked, PM patches will be turned on
0:109  0:000  MSR 0xCE              0004043D_F1011B00
0:109  0:000  corrected FLEX_RATIO = 0
0:109  0:000  MSR 0x1B0             00000000
0:109  0:000  FSBFrequency = 89 MHz, DMI FSBFrequency = 100 MHz, Corrected FSBFrequency = 100 MHz
0:109  0:000  MaxDiv/MinDiv: 27.0/4
0:109  0:000  Turbo: 31/31/31/31
0:109  0:000  Features: 0xBFEBFBFF
0:109  0:000  Threads: 4
0:109  0:000  Cores: 2
0:109  0:000  FSB: 100 MHz
0:109  0:000  CPU: 2400 MHz
0:109  0:000  TSC: 2400 MHz
0:109  0:000  PIS: 100 MHz
0:109  0:000  ExternalClock: 25 MHz
0:109  0:000  === [ GetDevices ] ========================================
0:109  0:000  PCI (00|00:00.00) : 8086 5904 class=060000
0:109  0:000  PCI (00|00:02.00) : 8086 5916 class=030000
0:109  0:000   - GFX: Model=Intel HD Graphics 620 (Intel)
0:109  0:000  PCI (00|00:04.00) : 8086 1903 class=118000
0:109  0:000  PCI (00|00:14.00) : 8086 9D2F class=0C0330
0:109  0:000  PCI (00|00:14.02) : 8086 9D31 class=118000
0:109  0:000  PCI (00|00:15.00) : 8086 9D60 class=118000
0:109  0:000  PCI (00|00:15.01) : 8086 9D61 class=118000
0:109  0:000  PCI (00|00:16.00) : 8086 9D3A class=078000
0:109  0:000  PCI (00|00:17.00) : 8086 9D03 class=010601
0:109  0:000  PCI (00|00:1C.00) : 8086 9D10 class=060400
0:109  0:000  PCI (00|01:00.00) : 10DE 134F class=030200
0:109  0:000  PCI (00|00:1C.04) : 8086 9D14 class=060400
0:109  0:000  PCI (00|02:00.00) : 10EC 8136 class=020000
0:109  0:000   - LAN: 0 Vendor=Realtek
0:109  0:000  PCI (00|00:1C.05) : 8086 9D15 class=060400
0:109  0:000  PCI (00|03:00.00) : 10EC B723 class=028000
0:109  0:000   - WIFI: Vendor=Realtek
0:109  0:000  PCI (00|00:1F.00) : 8086 9D58 class=060100
0:109  0:000  PCI (00|00:1F.02) : 8086 9D21 class=058000
0:109  0:000  PCI (00|00:1F.03) : 8086 9D71 class=040300
0:109  0:000  PCI (00|00:1F.04) : 8086 9D23 class=0C0500
0:109  0:000  === [ GetDefaultSettings ] ================================
0:109  0:000  Clover load options size = 0 bytes
0:147  0:037  EFI\CLOVER\config.plist loaded: Success
0:158  0:011  === [ GetListOfThemes ] ===================================
0:165  0:006  - [00]: SimpleThemeDark
0:181  0:015  - [01]: BeautyDark256
0:201  0:020  === [ Found config plists ] ===============================
0:202  0:001  - config.plist
0:203  0:000  === [ GetEarlyUserSettings ] ==============================
0:203  0:000  timeout set to 5
0:203  0:000  Custom boot CUSTOM_BOOT_DISABLED (0x0)
0:203  0:000  ForceKextsToLoad: 2 requested
0:203  0:000   - [0]: System\Library\Extensions\IONetworkingFamily.kext
0:203  0:000   - [1]: System\Library\Extensions\AppleIntelKBLGraphicsFramebuffer.kext
0:203  0:000  KextsToPatch: 4 requested
0:203  0:000   - [00]: com.apple.driver.AppleIntelKBLGraphicsFramebuffer (0x591b0000, 32MB BIOS, 19MB framebuffer 9MB cursor bytes (credit RehabMan)) :: BinPatch :: data len: 8
0:203  0:000   - [01]: com.apple.driver.AppleIntelKBLGraphicsFramebuffer (0x591b0000, 0105 instead of 0306, HDMI) :: BinPatch :: data len: 36
0:203  0:000   - patch disabled at config
0:203  0:000   - [02]: com.apple.driver.AppleIntelKBLGraphicsFramebuffer (0x591b0000, 0105 instead of 0204, HDMI) :: BinPatch :: data len: 36
0:203  0:000   - patch disabled at config
0:203  0:000   - [03]: com.apple.driver.AppleIntelKBLGraphicsFramebuffer (0x591b0000, eliminate all external ports (0204 and 0306)) :: BinPatch :: data len: 36
0:203  0:000   - patch disabled at config
0:203  0:000  KernelToPatch: 3 requested
0:203  0:000   - [00]: MSR 0xE2 _xcpm_idle instant reboot(c) Pike R. Alpha :: data len: 8
0:203  0:000   - [01]: Disable panic kext logging on 10.13 Debug kernel :: MatchOS: 10.13 :: data len: 6
0:203  0:000   - [02]: Disable panic kext logging on 10.13 Release kernel :: MatchOS: 10.13 :: data len: 6
0:203  0:000  Default theme: SimpleThemeDark
0:203  0:000  Hiding entries with string Preboot
0:203  0:000  === [ LoadDrivers ] =======================================
0:206  0:002  Loading ApfsDriverLoader-64.efi  status=Success
0:212  0:006   - driver needs connecting
0:212  0:000  Loading AptioMemoryFix-64.efi  status=Success
0:218  0:005  Loading HFSPlus.efi  status=Success
0:222  0:004   - driver needs connecting
0:223  0:000  2 drivers needs connecting ...
0:223  0:000  PlatformDriverOverrideProtocol not found. Installing ... Success
0:223  0:000  HFS+ driver loaded
0:223  0:000  APFS driver loaded
0:223  0:000  Searching for invalid DiskIo BY_DRIVER connects: not found, all ok
0:679  0:455  === [ InitScreen ] ========================================
0:679  0:000  SetScreenResolution: 1360x768 - not found!
0:679  0:000  SetMaxResolution: found best mode 0: 1366x768
0:679  0:000   - already set
0:679  0:000  Console modes reported: 4, available modes:
0:679  0:000   - [01]: 80x25 (current mode)
0:679  0:000   - [03]: 100x31
0:679  0:000   - [04]: 170x40
0:679  0:000  reinit: self device path=PciRoot(0x0)\Pci(0x17,0x0)\Sata(0x0,0xFFFF,0x0)\HD(1,GPT,86E93B8A-0D30-4C3C-BC81-98A0484954BF,0x800,0x96000)
0:681  0:002  Using embedded font: Success
0:682  0:000  === [ GetMacAddress ] =====================================
0:682  0:000  === [ ScanSPD ] ===========================================
0:682  0:000  SMBus device : 8086 9D23 class=0C0500 status=Success
0:682  0:000  SMBus CmdReg: 0x3
0:682  0:000  Scanning SMBus [8086:9D23], mmio: 0xEF332004, ioport: 0xF040, hostc: 0x11
0:682  0:000  Slots to scan [8]...
0:684  0:001  === [ GetAcpiTablesList ] =================================
0:694  0:010  Get Acpi Tables List from RSDT:
0:694  0:000   - [00]: FACP  Notebook len=132
0:694  0:000   - [01]: APIC  Notebook len=132
0:694  0:000   - [02]: FPDT  Notebook len=68
0:694  0:000   - [03]: ECDT  Notebook len=193
0:694  0:000   - [04]: MCFG  Notebook len=60
0:694  0:000   - [05]: SSDT  SataTabl len=802
0:694  0:000   - [06]: FIDT  Notebook len=156
0:694  0:000   - [07]: SSDT  DptfTabl len=23480
0:694  0:000   - [08]: MSDM  Notebook len=85
0:694  0:000   - [09]: SSDT  SaSsdt  len=12633
0:694  0:000   - [10]: HPET  KBL-ULT len=56
0:694  0:000   - [11]: UEFI  EDK2     len=66
0:694  0:000   - [12]: SSDT  CpuSsdt len=3806
0:694  0:000   - [13]: LPIT  KBL-ULT len=148
0:694  0:000   - [14]: WSMT  KBL-ULT len=40
0:694  0:000   - [15]: SSDT  sensrhub len=671
0:694  0:000   - [16]: DBGP   len=52
0:694  0:000   - [17]: DBG2   len=84
0:694  0:000   - [18]: BGRT  Notebook len=56
0:694  0:000   - [19]: SSDT  SgUlt len=923
0:694  0:000   - [20]: SSDT  SgPch len=2145
0:694  0:000   - [21]: DMAR  KBL  len=240
0:694  0:000   - [22]: SSDT  OptTabl len=7982
0:694  0:000  Calibrated TSC Frequency = 2712392720 = 2712MHz
0:694  0:000  === [ GetUserSettings ] ===================================
0:694  0:000  Add 8 properties:
0:694  0:000   - [00]: NVidia, len: 9
0:694  0:000   - [01]: NVidia, len: 9
0:694  0:000   - [02]: NVidia, len: 4
0:694  0:000   - [03]: ATI, len: 9
0:694  0:000   - [04]: ATI, len: 9
0:694  0:000   - [05]: ATI, len: 4
0:694  0:000   - [06]: ATI, len: 4
0:694  0:000   - [07]: ATI, len: 4
0:694  0:000  USB FixOwnership: yes
0:694  0:000  Dropping 3 tables:
0:694  0:000   - [00]: Drop table  signature="#MCF" (46434D23)
0:694  0:000           - set table: 46434D23,                0 to drop: no
0:694  0:000   - [01]: Drop table  signature="DMAR" (52414D44)
0:694  0:000           - set table: 52414D44,                0 to drop: yes
0:694  0:000   - [02]: Drop table  signature="SSDT" (54445353) table-id="xh_rvp10" (30317076725F6878)
0:694  0:000           - set table: 54445353, 30317076725F6878 to drop: no
0:694  0:000   - final DSDT Fix mask=11449004
0:694  0:000  PatchesDSDT: 12 requested
0:695  0:000   - [00]: (change OSID to XSID (to avoid match against _OSI XOSI patch)) lenToFind: 4, lenToReplace: 4, Target Bridge: <null string>
0:695  0:000    patch disabled at config
0:695  0:000   - [01]: (change _OSI to XOSI) lenToFind: 4, lenToReplace: 4, Target Bridge: <null string>
0:695  0:000    patch disabled at config
0:695  0:000   - [02]: (change _DSM to XDSM) lenToFind: 4, lenToReplace: 4, Target Bridge: <null string>
0:695  0:000    patch disabled at config
0:695  0:000   - [03]: (change EC0 to EC) lenToFind: 4, lenToReplace: 4, Target Bridge: <null string>
0:695  0:000    patch disabled at config
0:695  0:000   - [04]: (change H_EC to EC) lenToFind: 4, lenToReplace: 4, Target Bridge: <null string>
0:695  0:000    patch disabled at config
0:695  0:000   - [05]: (change ECDV to EC) lenToFind: 4, lenToReplace: 4, Target Bridge: <null string>
0:695  0:000    patch disabled at config
0:695  0:000   - [06]: (change HDAS to HDEF) lenToFind: 4, lenToReplace: 4, Target Bridge: <null string>
0:695  0:000   - [07]: (change HECI to IMEI) lenToFind: 4, lenToReplace: 4, Target Bridge: <null string>
0:695  0:000   - [08]: (change MEI to IMEI) lenToFind: 4, lenToReplace: 4, Target Bridge: <null string>
0:695  0:000   - [09]: (change GFX0 to IGPU) lenToFind: 4, lenToReplace: 4, Target Bridge: <null string>
0:695  0:000   - [10]: (change PCI0.VID to IGPU #1 (Thinkpad)) lenToFind: 8, lenToReplace: 8, Target Bridge: <null string>
0:695  0:000   - [11]: (change PCI0.VID to IGPU #2 (Thinkpad)) lenToFind: 14, lenToReplace: 14, Target Bridge: <null string>
0:695  0:000  Using ProductName from config: MacBookPro14,1
0:695  0:000  Using latest BiosVersion from config
0:695  0:000  BiosVersion: MBP141.88Z.F000.B00.1905281616
0:695  0:000  BiosReleaseDate: 05/28/2019
0:695  0:000  Using FirmwareFeatures from config: 0xFC0FE137
0:695  0:000  Using FirmwareFeaturesMask from config: 0xFF1FFF3F
0:695  0:000  Board-ID set from config as Mac-B4831CEBD52A0C4C
0:695  0:000  BoardType: 0xA
0:695  0:000  ChassisType: 0x9
0:695  0:000  Converted CustomUUID 4547E6AA-78F3-5B26-8ADB-9C1747470831
0:733  0:038  === [ Found DSDT tables ] =================================
0:734  0:001  - DSDT.aml
2:599  1:864  === [ ScanVolumes ] =======================================
2:599  0:000  Found 6 volumes with blockIO
2:599  0:000  - [00]: Volume: PciRoot(0x0)\Pci(0x17,0x0)\Sata(0x0,0xFFFF,0x0)
2:602  0:002  - [01]: Volume: PciRoot(0x0)\Pci(0x17,0x0)\Sata(0x0,0xFFFF,0x0)\HD(1,GPT,86E93B8A-0D30-4C3C-BC81-98A0484954BF,0x800,0x96000)
2:610  0:007          Result of bootcode detection: bootable Windows (vista,win)
2:624  0:014          This is SelfVolume !!
2:624  0:000  - [02]: Volume: PciRoot(0x0)\Pci(0x17,0x0)\Sata(0x0,0xFFFF,0x0)\HD(2,GPT,89CC0A45-7C5F-4C94-8AF1-4879CEEF086E,0x96800,0x103BD8E0)
2:632  0:007  - [03]: Volume: PciRoot(0x0)\Pci(0x17,0x0)\Sata(0x0,0xFFFF,0x0)\HD(3,GPT,CBC0BB67-1D52-4F0D-AF6C-65B899CA8716,0x104540E0,0x135F20)
2:650  0:018  - [04]: Volume: PciRoot(0x0)\Pci(0x17,0x0)\Sata(0x0,0xFFFF,0x0)\HD(4,GPT,E43CCF45-3E3E-43FC-88A2-073A64FDE838,0x1058A000,0x4601000)
2:665  0:014          Result of bootcode detection: bootable unknown (legacy)
2:665  0:000  - [05]: Volume: PciRoot(0x0)\Pci(0x17,0x0)\Sata(0x0,0xFFFF,0x0)\HD(5,GPT,32A70C25-E496-491A-8B32-4441B07A6B65,0x14B8B000,0x257FB000)
2:680  0:014  === [ InitTheme ] =========================================
2:705  0:024  Using theme 'SimpleThemeDark' (EFI\CLOVER\themes\SimpleThemeDark)
2:705  0:000  OS main and drive as badge
2:743  0:038  Loading font from ThemeDir: Success
2:743  0:000  Chosen theme SimpleThemeDark
2:744  0:000  found boot-args in NVRAM:, size=1
2:745  0:000  after NVRAM boot-args=-v dart=0 kext-dev-mode=1 debug=0x100 -disablegfxfirmware
2:745  0:000  === [ Dump SMC keys from NVRAM ] ==========================
2:745  0:000  no AppleSMC protocol
2:810  0:065  === [ AddCustomEntries ] ==================================
2:810  0:000  Custom entry 0 Title:"Recovery" Path:"\com.apple.recovery.boot\boot.efi" Type:10 Flags:0x6 matching all volumes
2:810  0:000      Checking volume "EFI" (PciRoot(0x0)\Pci(0x17,0x0)\Sata(0x0,0xFFFF,0x0)\HD(1,GPT,86E93B8A-0D30-4C3C-BC81-98A0484954BF,0x800,0x96000)) ... skipped because path does not exist
2:810  0:000      Checking volume "Hackintosh" (PciRoot(0x0)\Pci(0x17,0x0)\Sata(0x0,0xFFFF,0x0)\HD(2,GPT,89CC0A45-7C5F-4C94-8AF1-4879CEEF086E,0x96800,0x103BD8E0)) ... skipped because path does not exist
2:810  0:000      Checking volume "Recovery HD" (PciRoot(0x0)\Pci(0x17,0x0)\Sata(0x0,0xFFFF,0x0)\HD(3,GPT,CBC0BB67-1D52-4F0D-AF6C-65B899CA8716,0x104540E0,0x135F20)) ... match!
2:902  0:091  Custom settings: <null string>.plist will  be applied
2:917  0:015  === [ ScanLoader ] ========================================
2:917  0:000  - [01]: 'EFI'
3:084  0:167          AddLoaderEntry for Volume Name=EFI
3:084  0:000          skipped because entry is hidden
3:084  0:000  - [02]: 'Hackintosh'
3:149  0:065          AddLoaderEntry for Volume Name=Hackintosh
3:176  0:026      hibernated: set as never
3:275  0:099  - [03]: 'Recovery HD'
3:275  0:000          AddLoaderEntry for Volume Name=Recovery HD
3:275  0:000       skipped because path `PciRoot(0x0)\Pci(0x17,0x0)\Sata(0x0,0xFFFF,0x0)\HD(3,GPT,CBC0BB67-1D52-4F0D-AF6C-65B899CA8716,0x104540E0,0x135F20)\com.apple.recovery.boot\boot.efii` already exists for another entry!
3:338  0:063  === [ AddCustomTool ] =====================================
3:342  0:003  found tool \EFI\CLOVER\tools\Shell64U.efi
3:342  0:000  Checking EFI partition Volume 1 for Clover
3:346  0:003   Found Clover
3:359  0:012  === [ GetEfiBootDeviceFromNvram ] =========================
3:360  0:001   - efi-boot-device-data: PciRoot(0x0)\Pci(0x17,0x0)\Sata(0x0,0xFFFF,0x0)\HD(2,GPT,89CC0A45-7C5F-4C94-8AF1-4879CEEF086E,0x96800,0x103BD8E0)
3:360  0:000    - Volume: 'PciRoot(0x0)\Pci(0x17,0x0)\Sata(0x0,0xFFFF,0x0)\HD(2,GPT,89CC0A45-7C5F-4C94-8AF1-4879CEEF086E,0x96800,0x103BD8E0)'
3:360  0:000    - LoaderPath: '<null string>'
3:360  0:000    - Guid = 89CC0A45-7C5F-4C94-8AF1-4879CEEF086E
3:360  0:000  === [ FindStartupDiskVolume ] =============================
3:360  0:000    - Volume: partition = PciRoot(0x0)\Pci(0x17,0x0)\Sata(0x0,0xFFFF,0x0)\HD(2,GPT,89CC0A45-7C5F-4C94-8AF1-4879CEEF086E,0x96800,0x103BD8E0)
3:360  0:000     - searching for that partition
3:360  0:000      - found entry 1. 'Boot macOS from Hackintosh', Volume 'Hackintosh'
3:360  0:000  Boot redirected to Entry 1. 'Boot macOS from Hackintosh'
3:360  0:000  DefaultIndex=1 and MainMenu.EntryCount=8
4:427  1:066  GUI ready
